<?xml version="1.0" encoding="UTF-8"?><testrun name="TestRunner (2)" project="ApiTesting_Demo" tests="3" started="3" failures="1" errors="2" ignored="0">
  <testsuite name="tests.TestRunner" time="7.902">
    <testsuite name="validate library Apis" time="7.902">
      <testcase name="AddBook" classname="validate library Apis" time="7.3">
        <error>io.cucumber.core.exception.CucumberException: Step [id is fethced] is defined with 2 parameters at 'stepdefinition.LibraryAPITest.id_is_fethced(java.lang.String,java.lang.String)'.
However, the gherkin step has 0 arguments.
Step text: id is fethced&#13;
	at io.cucumber.core.runner.PickleStepDefinitionMatch.arityMismatch(PickleStepDefinitionMatch.java:134)&#13;
	at io.cucumber.core.runner.PickleStepDefinitionMatch.runStep(PickleStepDefinitionMatch.java:42)&#13;
	at io.cucumber.core.runner.TestStep.executeStep(TestStep.java:64)&#13;
	at io.cucumber.core.runner.TestStep.run(TestStep.java:49)&#13;
	at io.cucumber.core.runner.PickleStepTestStep.run(PickleStepTestStep.java:46)&#13;
	at io.cucumber.core.runner.TestCase.run(TestCase.java:51)&#13;
	at io.cucumber.core.runner.Runner.runPickle(Runner.java:67)&#13;
	at io.cucumber.junit.PickleRunners$NoStepDescriptions.run(PickleRunners.java:149)&#13;
	at io.cucumber.junit.FeatureRunner.runChild(FeatureRunner.java:83)&#13;
	at io.cucumber.junit.FeatureRunner.runChild(FeatureRunner.java:24)&#13;
	at org.junit.runners.ParentRunner$4.run(ParentRunner.java:331)&#13;
	at org.junit.runners.ParentRunner$1.schedule(ParentRunner.java:79)&#13;
	at org.junit.runners.ParentRunner.runChildren(ParentRunner.java:329)&#13;
	at org.junit.runners.ParentRunner.access$100(ParentRunner.java:66)&#13;
	at org.junit.runners.ParentRunner$2.evaluate(ParentRunner.java:293)&#13;
	at org.junit.runners.ParentRunner$3.evaluate(ParentRunner.java:306)&#13;
	at org.junit.runners.ParentRunner.run(ParentRunner.java:413)&#13;
	at io.cucumber.junit.Cucumber.runChild(Cucumber.java:185)&#13;
	at io.cucumber.junit.Cucumber.runChild(Cucumber.java:83)&#13;
	at org.junit.runners.ParentRunner$4.run(ParentRunner.java:331)&#13;
	at org.junit.runners.ParentRunner$1.schedule(ParentRunner.java:79)&#13;
	at org.junit.runners.ParentRunner.runChildren(ParentRunner.java:329)&#13;
	at org.junit.runners.ParentRunner.access$100(ParentRunner.java:66)&#13;
	at org.junit.runners.ParentRunner$2.evaluate(ParentRunner.java:293)&#13;
	at io.cucumber.junit.Cucumber$RunCucumber.evaluate(Cucumber.java:219)&#13;
	at org.junit.runners.ParentRunner$3.evaluate(ParentRunner.java:306)&#13;
	at org.junit.runners.ParentRunner.run(ParentRunner.java:413)&#13;
	at org.eclipse.jdt.internal.junit4.runner.JUnit4TestReference.run(JUnit4TestReference.java:93)&#13;
	at org.eclipse.jdt.internal.junit.runner.TestExecution.run(TestExecution.java:40)&#13;
	at org.eclipse.jdt.internal.junit.runner.RemoteTestRunner.runTests(RemoteTestRunner.java:529)&#13;
	at org.eclipse.jdt.internal.junit.runner.RemoteTestRunner.runTests(RemoteTestRunner.java:756)&#13;
	at org.eclipse.jdt.internal.junit.runner.RemoteTestRunner.run(RemoteTestRunner.java:452)&#13;
	at org.eclipse.jdt.internal.junit.runner.RemoteTestRunner.main(RemoteTestRunner.java:210)&#13;
&#13;
</error>
      </testcase>
      <testcase name="GetBook" classname="validate library Apis" time="0.066">
        <error>java.lang.IllegalArgumentException: parameterValue cannot be null&#13;
	at java.base/jdk.internal.reflect.NativeConstructorAccessorImpl.newInstance0(Native Method)&#13;
	at java.base/jdk.internal.reflect.NativeConstructorAccessorImpl.newInstance(NativeConstructorAccessorImpl.java:78)&#13;
	at java.base/jdk.internal.reflect.DelegatingConstructorAccessorImpl.newInstance(DelegatingConstructorAccessorImpl.java:45)&#13;
	at java.base/java.lang.reflect.Constructor.newInstanceWithCaller(Constructor.java:499)&#13;
	at java.base/java.lang.reflect.Constructor.newInstance(Constructor.java:480)&#13;
	at org.codehaus.groovy.reflection.CachedConstructor.invoke(CachedConstructor.java:72)&#13;
	at org.codehaus.groovy.reflection.CachedConstructor.doConstructorInvoke(CachedConstructor.java:59)&#13;
	at org.codehaus.groovy.runtime.callsite.ConstructorSite$ConstructorSiteNoUnwrap.callConstructor(ConstructorSite.java:84)&#13;
	at org.codehaus.groovy.runtime.callsite.CallSiteArray.defaultCallConstructor(CallSiteArray.java:59)&#13;
	at org.codehaus.groovy.runtime.callsite.AbstractCallSite.callConstructor(AbstractCallSite.java:263)&#13;
	at org.codehaus.groovy.runtime.callsite.AbstractCallSite.callConstructor(AbstractCallSite.java:277)&#13;
	at io.restassured.internal.common.assertion.AssertParameter.notNull(AssertParameter.groovy:26)&#13;
	at io.restassured.internal.common.assertion.AssertParameter$notNull.callStatic(Unknown Source)&#13;
	at org.codehaus.groovy.runtime.callsite.CallSiteArray.defaultCallStatic(CallSiteArray.java:55)&#13;
	at org.codehaus.groovy.runtime.callsite.AbstractCallSite.callStatic(AbstractCallSite.java:217)&#13;
	at org.codehaus.groovy.runtime.callsite.AbstractCallSite.callStatic(AbstractCallSite.java:240)&#13;
	at io.restassured.internal.RequestSpecificationImpl.pathParam(RequestSpecificationImpl.groovy:514)&#13;
	at stepdefinition.LibraryAPITest.payload1_for_GetBook_api(LibraryAPITest.java:88)&#13;
	at ✽.Payload1 for GetBook api(file:///D:/AN_Workspace/ApiTesting_Demo/src/test/resources/Features/LibraryApi.feature:33)&#13;
&#13;
</error>
      </testcase>
      <testcase name="DeleteBook" classname="validate library Apis" time="0.533">
        <failure>java.lang.AssertionError: 1 expectation failed.
Expected status code &lt;200&gt; but was &lt;404&gt;.
&#13;
	at java.base/jdk.internal.reflect.NativeConstructorAccessorImpl.newInstance0(Native Method)&#13;
	at java.base/jdk.internal.reflect.NativeConstructorAccessorImpl.newInstance(NativeConstructorAccessorImpl.java:78)&#13;
	at java.base/jdk.internal.reflect.DelegatingConstructorAccessorImpl.newInstance(DelegatingConstructorAccessorImpl.java:45)&#13;
	at java.base/java.lang.reflect.Constructor.newInstanceWithCaller(Constructor.java:499)&#13;
	at java.base/java.lang.reflect.Constructor.newInstance(Constructor.java:480)&#13;
	at org.codehaus.groovy.reflection.CachedConstructor.invoke(CachedConstructor.java:72)&#13;
	at org.codehaus.groovy.runtime.callsite.ConstructorSite$ConstructorSiteNoUnwrapNoCoerce.callConstructor(ConstructorSite.java:105)&#13;
	at org.codehaus.groovy.runtime.callsite.CallSiteArray.defaultCallConstructor(CallSiteArray.java:59)&#13;
	at org.codehaus.groovy.runtime.callsite.AbstractCallSite.callConstructor(AbstractCallSite.java:263)&#13;
	at org.codehaus.groovy.runtime.callsite.AbstractCallSite.callConstructor(AbstractCallSite.java:277)&#13;
	at io.restassured.internal.ResponseSpecificationImpl$HamcrestAssertionClosure.validate(ResponseSpecificationImpl.groovy:493)&#13;
	at io.restassured.internal.ResponseSpecificationImpl$HamcrestAssertionClosure$validate$1.call(Unknown Source)&#13;
	at io.restassured.internal.ResponseSpecificationImpl.validateResponseIfRequired(ResponseSpecificationImpl.groovy:674)&#13;
	at java.base/jdk.internal.reflect.NativeMethodAccessorImpl.invoke0(Native Method)&#13;
	at java.base/jdk.internal.reflect.NativeMethodAccessorImpl.invoke(NativeMethodAccessorImpl.java:78)&#13;
	at java.base/jdk.internal.reflect.DelegatingMethodAccessorImpl.invoke(DelegatingMethodAccessorImpl.java:43)&#13;
	at java.base/java.lang.reflect.Method.invoke(Method.java:567)&#13;
	at org.codehaus.groovy.runtime.callsite.PlainObjectMetaMethodSite.doInvoke(PlainObjectMetaMethodSite.java:43)&#13;
	at org.codehaus.groovy.runtime.callsite.PogoMetaMethodSite$PogoCachedMethodSiteNoUnwrapNoCoerce.invoke(PogoMetaMethodSite.java:193)&#13;
	at org.codehaus.groovy.runtime.callsite.PogoMetaMethodSite.callCurrent(PogoMetaMethodSite.java:61)&#13;
	at org.codehaus.groovy.runtime.callsite.AbstractCallSite.callCurrent(AbstractCallSite.java:185)&#13;
	at io.restassured.internal.ResponseSpecificationImpl.statusCode(ResponseSpecificationImpl.groovy:126)&#13;
	at io.restassured.specification.ResponseSpecification$statusCode$0.callCurrent(Unknown Source)&#13;
	at io.restassured.internal.ResponseSpecificationImpl.statusCode(ResponseSpecificationImpl.groovy:134)&#13;
	at io.restassured.internal.ValidatableResponseOptionsImpl.statusCode(ValidatableResponseOptionsImpl.java:89)&#13;
	at io.restassured.internal.ValidatableResponseImpl.super$2$statusCode(ValidatableResponseImpl.groovy)&#13;
	at java.base/jdk.internal.reflect.NativeMethodAccessorImpl.invoke0(Native Method)&#13;
	at java.base/jdk.internal.reflect.NativeMethodAccessorImpl.invoke(NativeMethodAccessorImpl.java:78)&#13;
	at java.base/jdk.internal.reflect.DelegatingMethodAccessorImpl.invoke(DelegatingMethodAccessorImpl.java:43)&#13;
	at java.base/java.lang.reflect.Method.invoke(Method.java:567)&#13;
	at org.codehaus.groovy.reflection.CachedMethod.invoke(CachedMethod.java:107)&#13;
	at groovy.lang.MetaMethod.doMethodInvoke(MetaMethod.java:323)&#13;
	at groovy.lang.MetaClassImpl.invokeMethod(MetaClassImpl.java:1262)&#13;
	at org.codehaus.groovy.runtime.ScriptBytecodeAdapter.invokeMethodOnSuperN(ScriptBytecodeAdapter.java:144)&#13;
	at io.restassured.internal.ValidatableResponseImpl.statusCode(ValidatableResponseImpl.groovy:142)&#13;
	at io.restassured.internal.ValidatableResponseImpl.statusCode(ValidatableResponseImpl.groovy)&#13;
	at stepdefinition.LibraryAPITest.status1_code_is(LibraryAPITest.java:60)&#13;
	at ✽.Status1 code is 200(file:///D:/AN_Workspace/ApiTesting_Demo/src/test/resources/Features/LibraryApi.feature:42)&#13;
&#13;
</failure>
      </testcase>
    </testsuite>
  </testsuite>
</testrun>
