<?xml version="1.0" encoding="UTF-8"?><testrun name="TestRunner (2)" project="ApiTesting_Demo" tests="3" started="3" failures="0" errors="3" ignored="0">
  <testsuite name="tests.TestRunner" time="2.747">
    <testsuite name="validate library Apis" time="2.747">
      <testcase name="AddBook" classname="validate library Apis" time="2.605">
        <error>io.cucumber.core.exception.CucumberException: Step [Payload1 for AddBook api] is defined with 2 parameters at 'stepdefinition.LibraryAPITest.payload1_for_AddBook_api(java.lang.String,java.lang.String)'.
However, the gherkin step has 0 arguments.
Step text: Payload1 for AddBook api&#13;
	at io.cucumber.core.runner.PickleStepDefinitionMatch.arityMismatch(PickleStepDefinitionMatch.java:134)&#13;
	at io.cucumber.core.runner.PickleStepDefinitionMatch.runStep(PickleStepDefinitionMatch.java:42)&#13;
	at io.cucumber.core.runner.TestStep.executeStep(TestStep.java:64)&#13;
	at io.cucumber.core.runner.TestStep.run(TestStep.java:49)&#13;
	at io.cucumber.core.runner.PickleStepTestStep.run(PickleStepTestStep.java:46)&#13;
	at io.cucumber.core.runner.TestCase.run(TestCase.java:51)&#13;
	at io.cucumber.core.runner.Runner.runPickle(Runner.java:67)&#13;
	at io.cucumber.junit.PickleRunners$NoStepDescriptions.run(PickleRunners.java:149)&#13;
	at io.cucumber.junit.FeatureRunner.runChild(FeatureRunner.java:83)&#13;
	at io.cucumber.junit.FeatureRunner.runChild(FeatureRunner.java:24)&#13;
	at org.junit.runners.ParentRunner$4.run(ParentRunner.java:331)&#13;
	at org.junit.runners.ParentRunner$1.schedule(ParentRunner.java:79)&#13;
	at org.junit.runners.ParentRunner.runChildren(ParentRunner.java:329)&#13;
	at org.junit.runners.ParentRunner.access$100(ParentRunner.java:66)&#13;
	at org.junit.runners.ParentRunner$2.evaluate(ParentRunner.java:293)&#13;
	at org.junit.runners.ParentRunner$3.evaluate(ParentRunner.java:306)&#13;
	at org.junit.runners.ParentRunner.run(ParentRunner.java:413)&#13;
	at io.cucumber.junit.Cucumber.runChild(Cucumber.java:185)&#13;
	at io.cucumber.junit.Cucumber.runChild(Cucumber.java:83)&#13;
	at org.junit.runners.ParentRunner$4.run(ParentRunner.java:331)&#13;
	at org.junit.runners.ParentRunner$1.schedule(ParentRunner.java:79)&#13;
	at org.junit.runners.ParentRunner.runChildren(ParentRunner.java:329)&#13;
	at org.junit.runners.ParentRunner.access$100(ParentRunner.java:66)&#13;
	at org.junit.runners.ParentRunner$2.evaluate(ParentRunner.java:293)&#13;
	at io.cucumber.junit.Cucumber$RunCucumber.evaluate(Cucumber.java:219)&#13;
	at org.junit.runners.ParentRunner$3.evaluate(ParentRunner.java:306)&#13;
	at org.junit.runners.ParentRunner.run(ParentRunner.java:413)&#13;
	at org.eclipse.jdt.internal.junit4.runner.JUnit4TestReference.run(JUnit4TestReference.java:93)&#13;
	at org.eclipse.jdt.internal.junit.runner.TestExecution.run(TestExecution.java:40)&#13;
	at org.eclipse.jdt.internal.junit.runner.RemoteTestRunner.runTests(RemoteTestRunner.java:529)&#13;
	at org.eclipse.jdt.internal.junit.runner.RemoteTestRunner.runTests(RemoteTestRunner.java:756)&#13;
	at org.eclipse.jdt.internal.junit.runner.RemoteTestRunner.run(RemoteTestRunner.java:452)&#13;
	at org.eclipse.jdt.internal.junit.runner.RemoteTestRunner.main(RemoteTestRunner.java:210)&#13;
&#13;
</error>
      </testcase>
      <testcase name="GetBook" classname="validate library Apis" time="0.081">
        <error>java.lang.NullPointerException: Cannot invoke "io.restassured.response.Response.then()" because "this.response" is null&#13;
	at stepdefinition.LibraryAPITest.status1_code_is(LibraryAPITest.java:56)&#13;
	at ✽.Status1 code is 200(file:///D:/AN_Workspace/ApiTesting_Demo/src/test/resources/Features/LibraryApi.feature:35)&#13;
&#13;
</error>
      </testcase>
      <testcase name="DeleteBook" classname="validate library Apis" time="0.027">
        <error>java.lang.NullPointerException: Cannot invoke "io.restassured.response.Response.then()" because "this.response" is null&#13;
	at stepdefinition.LibraryAPITest.status1_code_is(LibraryAPITest.java:56)&#13;
	at ✽.Status1 code is 200(file:///D:/AN_Workspace/ApiTesting_Demo/src/test/resources/Features/LibraryApi.feature:42)&#13;
&#13;
</error>
      </testcase>
    </testsuite>
  </testsuite>
</testrun>
