<?xml version="1.0" encoding="UTF-8"?>
<testng-results ignored="0" total="2" passed="2" failed="0" skipped="0">
  <reporter-output>
  </reporter-output>
  <suite started-at="2021-11-30T10:53:34 IST" name="Default suite" finished-at="2021-11-30T10:53:41 IST" duration-ms="6521">
    <groups>
    </groups>
    <test started-at="2021-11-30T10:53:34 IST" name="Default test" finished-at="2021-11-30T10:53:41 IST" duration-ms="6521">
      <class name="basic.LibraryApiTestNg">
        <test-method signature="addBookApi(java.lang.String, java.lang.String)[pri:0, instance:basic.LibraryApiTestNg@2f8dad04]" started-at="2021-11-30T10:53:35 IST" name="addBookApi" data-provider="getdata" finished-at="2021-11-30T10:53:41 IST" duration-ms="5982" status="PASS">
          <params>
            <param index="0">
              <value>
                <![CDATA[1234]]>
              </value>
            </param>
            <param index="1">
              <value>
                <![CDATA[bhgh]]>
              </value>
            </param>
          </params>
          <reporter-output>
          </reporter-output>
        </test-method> <!-- addBookApi -->
        <test-method signature="addBookApi(java.lang.String, java.lang.String)[pri:0, instance:basic.LibraryApiTestNg@2f8dad04]" started-at="2021-11-30T10:53:41 IST" name="addBookApi" data-provider="getdata" finished-at="2021-11-30T10:53:41 IST" duration-ms="430" status="PASS">
          <params>
            <param index="0">
              <value>
                <![CDATA[989]]>
              </value>
            </param>
            <param index="1">
              <value>
                <![CDATA[bnbmn]]>
              </value>
            </param>
          </params>
          <reporter-output>
          </reporter-output>
        </test-method> <!-- addBookApi -->
      </class> <!-- basic.LibraryApiTestNg -->
    </test> <!-- Default test -->
  </suite> <!-- Default suite -->
</testng-results>
